{"total": {"lines":{"total":27,"covered":21,"skipped":0,"pct":77.77},"statements":{"total":30,"covered":24,"skipped":0,"pct":80},"functions":{"total":8,"covered":6,"skipped":0,"pct":75},"branches":{"total":19,"covered":10,"skipped":0,"pct":52.63},"branchesTrue":{"total":0,"covered":0,"skipped":0,"pct":"Unknown"}}
,"/home/runner/work/react-back-to-top/react-back-to-top/core/src/index.tsx": {"lines":{"total":27,"covered":21,"skipped":0,"pct":77.77},"functions":{"total":8,"covered":6,"skipped":0,"pct":75},"statements":{"total":30,"covered":24,"skipped":0,"pct":80},"branches":{"total":19,"covered":10,"skipped":0,"pct":52.63}}
}
