{"total": {"lines":{"total":29,"covered":23,"skipped":0,"pct":79.31},"statements":{"total":32,"covered":26,"skipped":0,"pct":81.25},"functions":{"total":8,"covered":6,"skipped":0,"pct":75},"branches":{"total":36,"covered":17,"skipped":0,"pct":47.22},"branchesTrue":{"total":0,"covered":0,"skipped":0,"pct":"Unknown"}}
,"/home/runner/work/react-back-to-top/react-back-to-top/core/src/index.tsx": {"lines":{"total":29,"covered":23,"skipped":0,"pct":79.31},"functions":{"total":8,"covered":6,"skipped":0,"pct":75},"statements":{"total":32,"covered":26,"skipped":0,"pct":81.25},"branches":{"total":36,"covered":17,"skipped":0,"pct":47.22}}
}
