TN:
SF:core/src/index.tsx
FN:57,BackToUp
FN:85,(anonymous_1)
FN:86,(anonymous_2)
FN:87,(anonymous_3)
FN:90,(anonymous_4)
FN:99,(anonymous_5)
FN:104,(anonymous_6)
FN:111,(anonymous_7)
FNF:8
FNH:6
FNDA:1,BackToUp
FNDA:1,(anonymous_1)
FNDA:1,(anonymous_2)
FNDA:1,(anonymous_3)
FNDA:0,(anonymous_4)
FNDA:1,(anonymous_5)
FNDA:1,(anonymous_6)
FNDA:0,(anonymous_7)
DA:23,1
DA:34,1
DA:39,1
DA:43,1
DA:55,1
DA:69,1
DA:70,1
DA:71,1
DA:84,1
DA:85,1
DA:86,1
DA:87,1
DA:88,1
DA:90,1
DA:91,0
DA:92,0
DA:93,0
DA:94,0
DA:95,0
DA:99,1
DA:100,1
DA:101,1
DA:102,1
DA:104,1
DA:105,1
DA:106,1
DA:111,1
DA:112,0
DA:115,1
LF:29
LH:23
BRDA:57,0,0,0
BRDA:60,1,0,1
BRDA:61,2,0,1
BRDA:62,3,0,1
BRDA:63,4,0,1
BRDA:64,5,0,1
BRDA:65,6,0,1
BRDA:66,7,0,1
BRDA:75,8,0,1
BRDA:75,8,1,0
BRDA:81,9,0,0
BRDA:81,9,1,1
BRDA:91,10,0,0
BRDA:91,10,1,0
BRDA:94,11,0,0
BRDA:94,11,1,0
BRDA:94,12,0,0
BRDA:94,12,1,0
BRDA:95,13,0,0
BRDA:95,13,1,0
BRDA:100,14,0,1
BRDA:100,14,1,0
BRDA:101,15,0,1
BRDA:101,15,1,0
BRDA:105,16,0,1
BRDA:105,16,1,0
BRDA:112,17,0,0
BRDA:112,17,1,0
BRDA:117,18,0,1
BRDA:117,18,1,1
BRDA:140,19,0,1
BRDA:140,19,1,1
BRF:32
BRH:16
end_of_record
