TN:
SF:core/src/index.tsx
FN:55,BackToUp
FN:82,(anonymous_1)
FN:83,(anonymous_2)
FN:84,(anonymous_3)
FN:87,(anonymous_4)
FN:96,(anonymous_5)
FN:101,(anonymous_6)
FN:108,(anonymous_7)
FNF:8
FNH:6
FNDA:1,BackToUp
FNDA:1,(anonymous_1)
FNDA:1,(anonymous_2)
FNDA:1,(anonymous_3)
FNDA:0,(anonymous_4)
FNDA:1,(anonymous_5)
FNDA:1,(anonymous_6)
FNDA:0,(anonymous_7)
DA:21,1
DA:32,1
DA:37,1
DA:41,1
DA:53,1
DA:66,1
DA:67,1
DA:68,1
DA:81,1
DA:82,1
DA:83,1
DA:84,1
DA:85,1
DA:87,1
DA:88,0
DA:89,0
DA:90,0
DA:91,0
DA:92,0
DA:96,1
DA:97,1
DA:98,1
DA:99,1
DA:101,1
DA:102,1
DA:103,1
DA:108,1
DA:109,0
DA:112,1
LF:29
LH:23
BRDA:55,0,0,0
BRDA:58,1,0,1
BRDA:59,2,0,1
BRDA:60,3,0,1
BRDA:61,4,0,1
BRDA:62,5,0,1
BRDA:63,6,0,1
BRDA:72,7,0,1
BRDA:72,7,1,0
BRDA:78,8,0,0
BRDA:78,8,1,1
BRDA:88,9,0,0
BRDA:88,9,1,0
BRDA:91,10,0,0
BRDA:91,10,1,0
BRDA:91,11,0,0
BRDA:91,11,1,0
BRDA:92,12,0,0
BRDA:92,12,1,0
BRDA:97,13,0,1
BRDA:97,13,1,0
BRDA:98,14,0,1
BRDA:98,14,1,0
BRDA:102,15,0,1
BRDA:102,15,1,0
BRDA:109,16,0,0
BRDA:109,16,1,0
BRDA:135,17,0,1
BRDA:135,17,1,1
BRF:29
BRH:13
end_of_record
